{
  "stats": {
    "suites": 1,
    "tests": 3,
    "passes": 3,
    "pending": 0,
    "failures": 0,
    "start": "2023-12-11T16:40:46.721Z",
    "end": "2023-12-11T16:40:52.301Z",
    "duration": 5580,
    "testsRegistered": 3,
    "passPercent": 100,
    "pendingPercent": 0,
    "other": 0,
    "hasOther": false,
    "skipped": 0,
    "hasSkipped": false
  },
  "results": [
    {
      "uuid": "7bf518f1-096d-49cb-8653-f57f4d0d2ca6",
      "title": "",
      "fullFile": "cypress/e2e/bookCart/wishList.cy.js",
      "file": "cypress/e2e/bookCart/wishList.cy.js",
      "beforeHooks": [],
      "afterHooks": [],
      "tests": [],
      "suites": [
        {
          "uuid": "296ed69d-68e3-40ea-bb45-444a8db62416",
          "title": "Open Wish List",
          "fullFile": "",
          "file": "",
          "beforeHooks": [],
          "afterHooks": [],
          "tests": [
            {
              "title": "Login and verify login",
              "fullTitle": "Open Wish List Login and verify login",
              "timedOut": null,
              "duration": 1985,
              "state": "passed",
              "speed": "fast",
              "pass": true,
              "fail": false,
              "pending": false,
              "context": null,
              "code": "(0, _APICreateHelpers.loginWithRegisteredUser)();\ncy.visit('https://bookcart.azurewebsites.net/', {\n  onBeforeLoad(content) {\n    content.window.localStorage.setItem('authToken', _APICreateHelpers.token);\n  }\n});\n(0, _APICreateHelpers.verifyLoggedInUserIsCorrect)('test17');\n(0, _wishList.getBookId)();",
              "err": {},
              "uuid": "b0afeebb-e18e-40af-8836-afba0adb8b4a",
              "parentUUID": "296ed69d-68e3-40ea-bb45-444a8db62416",
              "isHook": false,
              "skipped": false
            },
            {
              "title": "Adding product to Wishlist",
              "fullTitle": "Open Wish List Adding product to Wishlist",
              "timedOut": null,
              "duration": 655,
              "state": "passed",
              "speed": "fast",
              "pass": true,
              "fail": false,
              "pending": false,
              "context": null,
              "code": "(0, _wishList.addProductToWishlist)();",
              "err": {},
              "uuid": "f8460eff-c470-47a1-b1e7-cfec3cf37b49",
              "parentUUID": "296ed69d-68e3-40ea-bb45-444a8db62416",
              "isHook": false,
              "skipped": false
            },
            {
              "title": "Getting the list of available books",
              "fullTitle": "Open Wish List Getting the list of available books",
              "timedOut": null,
              "duration": 785,
              "state": "passed",
              "speed": "fast",
              "pass": true,
              "fail": false,
              "pending": false,
              "context": null,
              "code": "(0, _wishList.getUserWishlist)();\n(0, _wishList.deleteAddedProductToWishlist)();",
              "err": {},
              "uuid": "485dc54d-e2c6-4502-89a3-f655ab881d13",
              "parentUUID": "296ed69d-68e3-40ea-bb45-444a8db62416",
              "isHook": false,
              "skipped": false
            }
          ],
          "suites": [],
          "passes": [
            "b0afeebb-e18e-40af-8836-afba0adb8b4a",
            "f8460eff-c470-47a1-b1e7-cfec3cf37b49",
            "485dc54d-e2c6-4502-89a3-f655ab881d13"
          ],
          "failures": [],
          "pending": [],
          "skipped": [],
          "duration": 3425,
          "root": false,
          "rootEmpty": false,
          "_timeout": 2000
        }
      ],
      "passes": [],
      "failures": [],
      "pending": [],
      "skipped": [],
      "duration": 0,
      "root": true,
      "rootEmpty": true,
      "_timeout": 2000
    }
  ],
  "meta": {
    "mocha": {
      "version": "7.0.1"
    },
    "mochawesome": {
      "options": {
        "quiet": false,
        "reportFilename": "mochawesome",
        "saveHtml": false,
        "saveJson": true,
        "consoleReporter": "spec",
        "useInlineDiffs": false,
        "code": true
      },
      "version": "7.1.3"
    },
    "marge": {
      "options": {
        "reportDir": "cypress/results",
        "overwrite": false,
        "html": false,
        "json": true
      },
      "version": "6.2.0"
    }
  }
}