{
  "stats": {
    "suites": 1,
    "tests": 3,
    "passes": 3,
    "pending": 0,
    "failures": 0,
    "start": "2023-12-11T16:50:17.353Z",
    "end": "2023-12-11T16:50:21.663Z",
    "duration": 4310,
    "testsRegistered": 3,
    "passPercent": 100,
    "pendingPercent": 0,
    "other": 0,
    "hasOther": false,
    "skipped": 0,
    "hasSkipped": false
  },
  "results": [
    {
      "uuid": "ff0cc39f-5df6-47fa-a5b5-cd1d550db585",
      "title": "",
      "fullFile": "cypress/e2e/bookCart/wishList.cy.js",
      "file": "cypress/e2e/bookCart/wishList.cy.js",
      "beforeHooks": [],
      "afterHooks": [],
      "tests": [],
      "suites": [
        {
          "uuid": "20636c74-caf6-4993-a14e-3992bf6cf674",
          "title": "Open Wish List",
          "fullFile": "",
          "file": "",
          "beforeHooks": [],
          "afterHooks": [],
          "tests": [
            {
              "title": "Login and verify login",
              "fullTitle": "Open Wish List Login and verify login",
              "timedOut": null,
              "duration": 1373,
              "state": "passed",
              "speed": "fast",
              "pass": true,
              "fail": false,
              "pending": false,
              "context": null,
              "code": "(0, _APICreateHelpers.loginWithRegisteredUser)();\ncy.visit('https://bookcart.azurewebsites.net/', {\n  onBeforeLoad(content) {\n    content.window.localStorage.setItem('authToken', _APICreateHelpers.token);\n  }\n});\n(0, _APICreateHelpers.verifyLoggedInUserIsCorrect)('test17');\n(0, _wishList.getBookId)();",
              "err": {},
              "uuid": "a68d638a-3a30-451b-80a0-db0f794fcdb9",
              "parentUUID": "20636c74-caf6-4993-a14e-3992bf6cf674",
              "isHook": false,
              "skipped": false
            },
            {
              "title": "Adding product to Wishlist",
              "fullTitle": "Open Wish List Adding product to Wishlist",
              "timedOut": null,
              "duration": 674,
              "state": "passed",
              "speed": "fast",
              "pass": true,
              "fail": false,
              "pending": false,
              "context": null,
              "code": "(0, _wishList.addProductToWishlist)();",
              "err": {},
              "uuid": "8da6b635-0904-44e1-840d-26b41c64199d",
              "parentUUID": "20636c74-caf6-4993-a14e-3992bf6cf674",
              "isHook": false,
              "skipped": false
            },
            {
              "title": "Getting the list of available books",
              "fullTitle": "Open Wish List Getting the list of available books",
              "timedOut": null,
              "duration": 809,
              "state": "passed",
              "speed": "fast",
              "pass": true,
              "fail": false,
              "pending": false,
              "context": null,
              "code": "(0, _wishList.getUserWishlist)();\n(0, _wishList.deleteAddedProductToWishlist)();",
              "err": {},
              "uuid": "0f39c57c-0ab9-4475-8c1c-81510b086bda",
              "parentUUID": "20636c74-caf6-4993-a14e-3992bf6cf674",
              "isHook": false,
              "skipped": false
            }
          ],
          "suites": [],
          "passes": [
            "a68d638a-3a30-451b-80a0-db0f794fcdb9",
            "8da6b635-0904-44e1-840d-26b41c64199d",
            "0f39c57c-0ab9-4475-8c1c-81510b086bda"
          ],
          "failures": [],
          "pending": [],
          "skipped": [],
          "duration": 2856,
          "root": false,
          "rootEmpty": false,
          "_timeout": 2000
        }
      ],
      "passes": [],
      "failures": [],
      "pending": [],
      "skipped": [],
      "duration": 0,
      "root": true,
      "rootEmpty": true,
      "_timeout": 2000
    }
  ],
  "meta": {
    "mocha": {
      "version": "7.0.1"
    },
    "mochawesome": {
      "options": {
        "quiet": false,
        "reportFilename": "mochawesome",
        "saveHtml": true,
        "saveJson": true,
        "consoleReporter": "spec",
        "useInlineDiffs": false,
        "code": true
      },
      "version": "7.1.3"
    },
    "marge": {
      "options": {
        "reportDir": "cypress/results",
        "overwrite": false,
        "html": true,
        "json": true
      },
      "version": "6.2.0"
    }
  }
}