{
  "stats": {
    "suites": 1,
    "tests": 2,
    "passes": 2,
    "pending": 0,
    "failures": 0,
    "start": "2023-12-11T16:50:10.295Z",
    "end": "2023-12-11T16:50:16.255Z",
    "duration": 5960,
    "testsRegistered": 2,
    "passPercent": 100,
    "pendingPercent": 0,
    "other": 0,
    "hasOther": false,
    "skipped": 0,
    "hasSkipped": false
  },
  "results": [
    {
      "uuid": "c80449f6-5f09-4f10-9d0e-67ef3222714b",
      "title": "",
      "fullFile": "cypress/e2e/bookCart/createNewUser.cy.js",
      "file": "cypress/e2e/bookCart/createNewUser.cy.js",
      "beforeHooks": [],
      "afterHooks": [],
      "tests": [],
      "suites": [
        {
          "uuid": "689ba06d-8742-4371-9cf8-6af1ec4551a3",
          "title": "Register new user",
          "fullFile": "",
          "file": "",
          "beforeHooks": [],
          "afterHooks": [],
          "tests": [
            {
              "title": "Register new user",
              "fullTitle": "Register new user Register new user",
              "timedOut": null,
              "duration": 1059,
              "state": "passed",
              "speed": "fast",
              "pass": true,
              "fail": false,
              "pending": false,
              "context": null,
              "code": "(0, _APICreateHelpers.registerNewUser)();",
              "err": {},
              "uuid": "f28b1631-21ae-4202-9c79-43f2c85838c0",
              "parentUUID": "689ba06d-8742-4371-9cf8-6af1ec4551a3",
              "isHook": false,
              "skipped": false
            },
            {
              "title": "Login registered user",
              "fullTitle": "Register new user Login registered user",
              "timedOut": null,
              "duration": 3482,
              "state": "passed",
              "speed": "fast",
              "pass": true,
              "fail": false,
              "pending": false,
              "context": null,
              "code": "(0, _APICreateHelpers.loginWithRegisteredUser)();\ncy.visit('https://bookcart.azurewebsites.net/', {\n  onBeforeLoad(content) {\n    content.window.localStorage.setItem('authToken', _APICreateHelpers.token);\n  }\n});\n(0, _APICreateHelpers.verifyLoggedInUserIsCorrect)('test17');",
              "err": {},
              "uuid": "f979b3f2-fda8-4524-99a9-60b3f90109f4",
              "parentUUID": "689ba06d-8742-4371-9cf8-6af1ec4551a3",
              "isHook": false,
              "skipped": false
            }
          ],
          "suites": [],
          "passes": [
            "f28b1631-21ae-4202-9c79-43f2c85838c0",
            "f979b3f2-fda8-4524-99a9-60b3f90109f4"
          ],
          "failures": [],
          "pending": [],
          "skipped": [],
          "duration": 4541,
          "root": false,
          "rootEmpty": false,
          "_timeout": 2000
        }
      ],
      "passes": [],
      "failures": [],
      "pending": [],
      "skipped": [],
      "duration": 0,
      "root": true,
      "rootEmpty": true,
      "_timeout": 2000
    }
  ],
  "meta": {
    "mocha": {
      "version": "7.0.1"
    },
    "mochawesome": {
      "options": {
        "quiet": false,
        "reportFilename": "mochawesome",
        "saveHtml": true,
        "saveJson": true,
        "consoleReporter": "spec",
        "useInlineDiffs": false,
        "code": true
      },
      "version": "7.1.3"
    },
    "marge": {
      "options": {
        "reportDir": "cypress/results",
        "overwrite": false,
        "html": true,
        "json": true
      },
      "version": "6.2.0"
    }
  }
}