{
  "stats": {
    "suites": 1,
    "tests": 2,
    "passes": 2,
    "pending": 0,
    "failures": 0,
    "start": "2023-12-11T16:40:40.890Z",
    "end": "2023-12-11T16:40:45.156Z",
    "duration": 4266,
    "testsRegistered": 2,
    "passPercent": 100,
    "pendingPercent": 0,
    "other": 0,
    "hasOther": false,
    "skipped": 0,
    "hasSkipped": false
  },
  "results": [
    {
      "uuid": "42a06637-4d6a-4601-9c5f-6ef778f1a350",
      "title": "",
      "fullFile": "cypress/e2e/bookCart/createNewUser.cy.js",
      "file": "cypress/e2e/bookCart/createNewUser.cy.js",
      "beforeHooks": [],
      "afterHooks": [],
      "tests": [],
      "suites": [
        {
          "uuid": "a323f464-e50e-4dc8-baa3-72239df8c2bf",
          "title": "Register new user",
          "fullFile": "",
          "file": "",
          "beforeHooks": [],
          "afterHooks": [],
          "tests": [
            {
              "title": "Register new user",
              "fullTitle": "Register new user Register new user",
              "timedOut": null,
              "duration": 1014,
              "state": "passed",
              "speed": "fast",
              "pass": true,
              "fail": false,
              "pending": false,
              "context": null,
              "code": "(0, _APICreateHelpers.registerNewUser)();",
              "err": {},
              "uuid": "cf50c7bf-660e-4ebb-928b-282f9c0b87ae",
              "parentUUID": "a323f464-e50e-4dc8-baa3-72239df8c2bf",
              "isHook": false,
              "skipped": false
            },
            {
              "title": "Login registered user",
              "fullTitle": "Register new user Login registered user",
              "timedOut": null,
              "duration": 1761,
              "state": "passed",
              "speed": "fast",
              "pass": true,
              "fail": false,
              "pending": false,
              "context": null,
              "code": "(0, _APICreateHelpers.loginWithRegisteredUser)();\ncy.visit('https://bookcart.azurewebsites.net/', {\n  onBeforeLoad(content) {\n    content.window.localStorage.setItem('authToken', _APICreateHelpers.token);\n  }\n});\n(0, _APICreateHelpers.verifyLoggedInUserIsCorrect)('test17');",
              "err": {},
              "uuid": "0c7229d5-3c55-4943-8798-081eef611fad",
              "parentUUID": "a323f464-e50e-4dc8-baa3-72239df8c2bf",
              "isHook": false,
              "skipped": false
            }
          ],
          "suites": [],
          "passes": [
            "cf50c7bf-660e-4ebb-928b-282f9c0b87ae",
            "0c7229d5-3c55-4943-8798-081eef611fad"
          ],
          "failures": [],
          "pending": [],
          "skipped": [],
          "duration": 2775,
          "root": false,
          "rootEmpty": false,
          "_timeout": 2000
        }
      ],
      "passes": [],
      "failures": [],
      "pending": [],
      "skipped": [],
      "duration": 0,
      "root": true,
      "rootEmpty": true,
      "_timeout": 2000
    }
  ],
  "meta": {
    "mocha": {
      "version": "7.0.1"
    },
    "mochawesome": {
      "options": {
        "quiet": false,
        "reportFilename": "mochawesome",
        "saveHtml": false,
        "saveJson": true,
        "consoleReporter": "spec",
        "useInlineDiffs": false,
        "code": true
      },
      "version": "7.1.3"
    },
    "marge": {
      "options": {
        "reportDir": "cypress/results",
        "overwrite": false,
        "html": false,
        "json": true
      },
      "version": "6.2.0"
    }
  }
}